<?xml version="1.0" encoding="UTF-8"?>
<!-- Generated by org.testng.reporters.JUnitXMLReporter -->
<testsuite hostname="Mamga-PC" ignored="0" name="Free CRM App Test Cases" tests="22" failures="1" timestamp="02 Mar 2019 22:11:58 GMT" time="207.424" errors="0">
  <testcase name="verifyCreateNewDeals" time="2.324" classname="com.crm.qa.testcases.DealsPageTest"/>
  <testcase name="verifyCreateNewDeals" time="2.717" classname="com.crm.qa.testcases.DealsPageTest"/>
  <testcase name="verifyCreateNewDeals" time="2.553" classname="com.crm.qa.testcases.DealsPageTest"/>
  <testcase name="verifyCreateNewDeals" time="2.5" classname="com.crm.qa.testcases.DealsPageTest"/>
  <testcase name="loginToFreeCRM" time="4.995" classname="com.crm.qa.testcases.LoginPageDataDrivenTest"/>
  <testcase name="loginToFreeCRM" time="5.005" classname="com.crm.qa.testcases.LoginPageDataDrivenTest"/>
  <testcase name="division" time="0.008" classname="com.crm.qa.testcases.MathDemo">
    <skipped/>
  </testcase> <!-- division -->
  <testcase name="division" time="0.001" classname="com.crm.qa.testcases.MathDemo">
    <skipped/>
  </testcase> <!-- division -->
  <testcase name="division" time="0.002" classname="com.crm.qa.testcases.MathDemo">
    <skipped/>
  </testcase> <!-- division -->
  <testcase name="division" time="0.001" classname="com.crm.qa.testcases.MathDemo">
    <failure type="java.lang.AssertionError" message="expected [2] but found [3]">
      <![CDATA[java.lang.AssertionError: expected [2] but found [3]
	at com.crm.qa.testcases.MathDemo.division(MathDemo.java:20)
... Removed 31 stack frames]]>
    </failure>
  </testcase> <!-- division -->
  <testcase name="sum" time="0.001" classname="com.crm.qa.testcases.MathDemo"/>
  <testcase name="verifyLoginPageTitleTest" time="0.047" classname="com.crm.qa.testcases.LoginPageTest"/>
  <testcase name="verifyHomePageTitleTest" time="0.025" classname="com.crm.qa.testcases.HomePageTest"/>
  <testcase name="verifyContactsPageHeader" time="0.033" classname="com.crm.qa.testcases.ContactsPageTest"/>
  <testcase name="verifyDealsPageHeader" time="0.026" classname="com.crm.qa.testcases.DealsPageTest"/>
  <testcase name="loginTest" time="5.001" classname="com.crm.qa.testcases.LoginPageTest"/>
  <testcase name="verifyUsernameLabelTest" time="0.196" classname="com.crm.qa.testcases.HomePageTest"/>
  <testcase name="verifyCreateNewContacts" time="1.053" classname="com.crm.qa.testcases.ContactsPageTest"/>
  <testcase name="verifyCreateNewContacts" time="0.977" classname="com.crm.qa.testcases.ContactsPageTest"/>
  <testcase name="verifyCreateNewContacts" time="1.02" classname="com.crm.qa.testcases.ContactsPageTest"/>
  <testcase name="verifyContactsLinkTest" time="0.683" classname="com.crm.qa.testcases.HomePageTest"/>
  <testcase name="verifyDealsLinkTest" time="0.74" classname="com.crm.qa.testcases.HomePageTest"/>
</testsuite> <!-- Free CRM App Test Cases -->
