<?xml version="1.0" encoding="UTF-8"?>
<!-- Generated by org.testng.reporters.JUnitXMLReporter -->
<testsuite hostname="Mamga-PC" ignored="0" name="Free CRM App Test Cases" tests="24" failures="1" timestamp="24 Mar 2019 00:31:17 GMT" time="222.653" errors="0">
  <testcase name="verifyExtractDealsData" time="3.655" classname="com.crm.qa.testcases.DealsPageTest"/>
  <testcase name="verifyPrintingDealsTableData" time="0.001" classname="com.crm.qa.testcases.DealsPageTest"/>
  <testcase name="loginToFreeCRM" time="4.92" classname="com.crm.qa.testcases.LoginPageDataDrivenTest"/>
  <testcase name="loginToFreeCRM" time="5.894" classname="com.crm.qa.testcases.LoginPageDataDrivenTest"/>
  <testcase name="division" time="0.016" classname="com.crm.qa.testcases.MathDemo">
    <skipped/>
  </testcase> <!-- division -->
  <testcase name="division" time="0.0" classname="com.crm.qa.testcases.MathDemo">
    <skipped/>
  </testcase> <!-- division -->
  <testcase name="division" time="0.0" classname="com.crm.qa.testcases.MathDemo">
    <skipped/>
  </testcase> <!-- division -->
  <testcase name="division" time="0.0" classname="com.crm.qa.testcases.MathDemo">
    <failure type="java.lang.AssertionError" message="expected [2] but found [3]">
      <![CDATA[java.lang.AssertionError: expected [2] but found [3]
	at com.crm.qa.testcases.MathDemo.division(MathDemo.java:20)
... Removed 31 stack frames]]>
    </failure>
  </testcase> <!-- division -->
  <testcase name="sum" time="0.0" classname="com.crm.qa.testcases.MathDemo"/>
  <testcase name="downloadFileTest" time="7.347" classname="fileDownload.FileDownloadConcept"/>
  <testcase name="verifyLoginPageTitleTest" time="0.052" classname="com.crm.qa.testcases.LoginPageTest"/>
  <testcase name="verifyHomePageTitleTest" time="0.02" classname="com.crm.qa.testcases.HomePageTest"/>
  <testcase name="verifyContactsPageHeader" time="0.034" classname="com.crm.qa.testcases.ContactsPageTest"/>
  <testcase name="verifyDealsPageHeader" time="0.022" classname="com.crm.qa.testcases.DealsPageTest"/>
  <testcase name="loginTest" time="5.037" classname="com.crm.qa.testcases.LoginPageTest"/>
  <testcase name="verifyUsernameLabelTest" time="0.075" classname="com.crm.qa.testcases.HomePageTest"/>
  <testcase name="verifyCreateNewContacts" time="2.728" classname="com.crm.qa.testcases.ContactsPageTest"/>
  <testcase name="verifyCreateNewContacts" time="2.399" classname="com.crm.qa.testcases.ContactsPageTest"/>
  <testcase name="verifyCreateNewContacts" time="2.893" classname="com.crm.qa.testcases.ContactsPageTest"/>
  <testcase name="verifyContactsLinkTest" time="0.573" classname="com.crm.qa.testcases.HomePageTest"/>
  <testcase name="verifyDeleteContactByNameTest1" time="0.869" classname="com.crm.qa.testcases.ContactsPageTest"/>
  <testcase name="verifyDealsLinkTest" time="0.583" classname="com.crm.qa.testcases.HomePageTest"/>
  <testcase name="verifyDeleteContactByNameTest2" time="0.842" classname="com.crm.qa.testcases.ContactsPageTest"/>
  <testcase name="verifyDeleteContactByNameTest3" time="0.858" classname="com.crm.qa.testcases.ContactsPageTest"/>
</testsuite> <!-- Free CRM App Test Cases -->
