<?xml version="1.0" encoding="UTF-8"?>
<!-- Generated by org.testng.reporters.JUnitXMLReporter -->
<testsuite hostname="Mamga-PC" ignored="0" name="Default test" tests="6" failures="0" timestamp="02 Mar 2019 22:35:10 GMT" time="79.456" errors="0">
  <testcase name="verifyContactsPageHeader" time="0.038" classname="com.crm.qa.testcases.ContactsPageTest"/>
  <testcase name="verifyCreateNewContacts" time="2.321" classname="com.crm.qa.testcases.ContactsPageTest"/>
  <testcase name="verifyCreateNewContacts" time="2.633" classname="com.crm.qa.testcases.ContactsPageTest"/>
  <testcase name="verifyCreateNewContacts" time="3.025" classname="com.crm.qa.testcases.ContactsPageTest"/>
  <testcase name="verifyDeleteContactByNameTest1" time="0.868" classname="com.crm.qa.testcases.ContactsPageTest"/>
  <testcase name="verifyDeleteContactByNameTest2" time="0.908" classname="com.crm.qa.testcases.ContactsPageTest"/>
</testsuite> <!-- Default test -->
