<?xml version="1.0" encoding="UTF-8"?>
<testng-results skipped="0" failed="1" ignored="0" total="1" passed="0">
  <reporter-output>
  </reporter-output>
  <suite name="Default suite" duration-ms="11298" started-at="2019-03-28T04:22:16Z" finished-at="2019-03-28T04:22:27Z">
    <groups>
    </groups>
    <test name="Default test" duration-ms="11298" started-at="2019-03-28T04:22:16Z" finished-at="2019-03-28T04:22:27Z">
      <class name="fileUploadSikuli.FileUploadDemo">
        <test-method status="PASS" signature="setup()[pri:0, instance:fileUploadSikuli.FileUploadDemo@598067a5]" name="setup" is-config="true" duration-ms="3493" started-at="2019-03-27T21:22:16Z" finished-at="2019-03-27T21:22:19Z">
          <reporter-output>
          </reporter-output>
        </test-method> <!-- setup -->
        <test-method status="FAIL" signature="functionName()[pri:0, instance:fileUploadSikuli.FileUploadDemo@598067a5]" name="functionName" duration-ms="7775" started-at="2019-03-27T21:22:19Z" finished-at="2019-03-27T21:22:27Z">
          <exception class="org.sikuli.script.FindFailed">
            <message>
              <![CDATA[Region: doFind: Image not loadable: P(C:/Users/Mamga/Downloads/FileTextBox.PNG -- not valid!) S: 0.7]]>
            </message>
            <full-stacktrace>
              <![CDATA[FindFailed: Region: doFind: Image not loadable: P(C:/Users/Mamga/Downloads/FileTextBox.PNG -- not valid!) S: 0.7
  Line 2535, in file Region.java

	at org.sikuli.script.Region.wait(Region.java:2535)
	at fileUploadSikuli.FileUploadDemo.functionName(FileUploadDemo.java:50)
	at sun.reflect.NativeMethodAccessorImpl.invoke0(Native Method)
	at sun.reflect.NativeMethodAccessorImpl.invoke(NativeMethodAccessorImpl.java:62)
	at sun.reflect.DelegatingMethodAccessorImpl.invoke(DelegatingMethodAccessorImpl.java:43)
	at java.lang.reflect.Method.invoke(Method.java:498)
	at org.testng.internal.MethodInvocationHelper.invokeMethod(MethodInvocationHelper.java:108)
	at org.testng.internal.Invoker.invokeMethod(Invoker.java:661)
	at org.testng.internal.Invoker.invokeTestMethod(Invoker.java:869)
	at org.testng.internal.Invoker.invokeTestMethods(Invoker.java:1193)
	at org.testng.internal.TestMethodWorker.invokeTestMethods(TestMethodWorker.java:126)
	at org.testng.internal.TestMethodWorker.run(TestMethodWorker.java:109)
	at org.testng.TestRunner.privateRun(TestRunner.java:744)
	at org.testng.TestRunner.run(TestRunner.java:602)
	at org.testng.SuiteRunner.runTest(SuiteRunner.java:380)
	at org.testng.SuiteRunner.runSequentially(SuiteRunner.java:375)
	at org.testng.SuiteRunner.privateRun(SuiteRunner.java:340)
	at org.testng.SuiteRunner.run(SuiteRunner.java:289)
	at org.testng.SuiteRunnerWorker.runSuite(SuiteRunnerWorker.java:52)
	at org.testng.SuiteRunnerWorker.run(SuiteRunnerWorker.java:86)
	at org.testng.TestNG.runSuitesSequentially(TestNG.java:1301)
	at org.testng.TestNG.runSuitesLocally(TestNG.java:1226)
	at org.testng.TestNG.runSuites(TestNG.java:1144)
	at org.testng.TestNG.run(TestNG.java:1115)
	at org.testng.remote.AbstractRemoteTestNG.run(AbstractRemoteTestNG.java:114)
	at org.testng.remote.RemoteTestNG.initAndRun(RemoteTestNG.java:251)
	at org.testng.remote.RemoteTestNG.main(RemoteTestNG.java:77)
]]>
            </full-stacktrace>
          </exception> <!-- org.sikuli.script.FindFailed -->
          <reporter-output>
          </reporter-output>
        </test-method> <!-- functionName -->
      </class> <!-- fileUploadSikuli.FileUploadDemo -->
    </test> <!-- Default test -->
  </suite> <!-- Default suite -->
</testng-results>
