<?xml version="1.0" encoding="UTF-8"?>
<testng-results skipped="0" failed="0" ignored="0" total="6" passed="6">
  <reporter-output>
  </reporter-output>
  <suite name="Default suite" duration-ms="79456" started-at="2019-03-02T22:33:51Z" finished-at="2019-03-02T22:35:10Z">
    <groups>
    </groups>
    <test name="Default test" duration-ms="79456" started-at="2019-03-02T22:33:51Z" finished-at="2019-03-02T22:35:10Z">
      <class name="com.crm.qa.testcases.ContactsPageTest">
        <test-method status="PASS" signature="setUp()[pri:0, instance:com.crm.qa.testcases.ContactsPageTest@204f30ec]" name="setUp" is-config="true" duration-ms="11701" started-at="2019-03-02T14:33:51Z" finished-at="2019-03-02T14:34:03Z">
          <reporter-output>
          </reporter-output>
        </test-method> <!-- setUp -->
        <test-method status="PASS" signature="verifyContactsPageHeader()[pri:1, instance:com.crm.qa.testcases.ContactsPageTest@204f30ec]" name="verifyContactsPageHeader" duration-ms="38" started-at="2019-03-02T14:34:03Z" finished-at="2019-03-02T14:34:03Z">
          <reporter-output>
          </reporter-output>
        </test-method> <!-- verifyContactsPageHeader -->
        <test-method status="PASS" signature="tearDown()[pri:0, instance:com.crm.qa.testcases.ContactsPageTest@204f30ec]" name="tearDown" is-config="true" duration-ms="733" started-at="2019-03-02T14:34:03Z" finished-at="2019-03-02T14:34:03Z">
          <reporter-output>
          </reporter-output>
        </test-method> <!-- tearDown -->
        <test-method status="PASS" signature="setUp()[pri:0, instance:com.crm.qa.testcases.ContactsPageTest@204f30ec]" name="setUp" is-config="true" duration-ms="10473" started-at="2019-03-02T14:34:04Z" finished-at="2019-03-02T14:34:14Z">
          <reporter-output>
          </reporter-output>
        </test-method> <!-- setUp -->
        <test-method status="PASS" signature="verifyCreateNewContacts(java.lang.String, java.lang.String, java.lang.String, java.lang.String)[pri:2, instance:com.crm.qa.testcases.ContactsPageTest@204f30ec]" name="verifyCreateNewContacts" duration-ms="2321" started-at="2019-03-02T14:34:14Z" data-provider="getTestData" finished-at="2019-03-02T14:34:17Z">
          <params>
            <param index="0">
              <value>
                <![CDATA[Mr.]]>
              </value>
            </param>
            <param index="1">
              <value>
                <![CDATA[Tom]]>
              </value>
            </param>
            <param index="2">
              <value>
                <![CDATA[Peter]]>
              </value>
            </param>
            <param index="3">
              <value>
                <![CDATA[Google]]>
              </value>
            </param>
          </params>
          <reporter-output>
          </reporter-output>
        </test-method> <!-- verifyCreateNewContacts -->
        <test-method status="PASS" signature="tearDown()[pri:0, instance:com.crm.qa.testcases.ContactsPageTest@204f30ec]" name="tearDown" is-config="true" duration-ms="625" started-at="2019-03-02T14:34:17Z" finished-at="2019-03-02T14:34:17Z">
          <reporter-output>
          </reporter-output>
        </test-method> <!-- tearDown -->
        <test-method status="PASS" signature="setUp()[pri:0, instance:com.crm.qa.testcases.ContactsPageTest@204f30ec]" name="setUp" is-config="true" duration-ms="10540" started-at="2019-03-02T14:34:17Z" finished-at="2019-03-02T14:34:28Z">
          <reporter-output>
          </reporter-output>
        </test-method> <!-- setUp -->
        <test-method status="PASS" signature="verifyCreateNewContacts(java.lang.String, java.lang.String, java.lang.String, java.lang.String)[pri:2, instance:com.crm.qa.testcases.ContactsPageTest@204f30ec]" name="verifyCreateNewContacts" duration-ms="2633" started-at="2019-03-02T14:34:28Z" data-provider="getTestData" finished-at="2019-03-02T14:34:31Z">
          <params>
            <param index="0">
              <value>
                <![CDATA[Dr.]]>
              </value>
            </param>
            <param index="1">
              <value>
                <![CDATA[David]]>
              </value>
            </param>
            <param index="2">
              <value>
                <![CDATA[Cris]]>
              </value>
            </param>
            <param index="3">
              <value>
                <![CDATA[Amazon]]>
              </value>
            </param>
          </params>
          <reporter-output>
          </reporter-output>
        </test-method> <!-- verifyCreateNewContacts -->
        <test-method status="PASS" signature="tearDown()[pri:0, instance:com.crm.qa.testcases.ContactsPageTest@204f30ec]" name="tearDown" is-config="true" duration-ms="665" started-at="2019-03-02T14:34:31Z" finished-at="2019-03-02T14:34:31Z">
          <reporter-output>
          </reporter-output>
        </test-method> <!-- tearDown -->
        <test-method status="PASS" signature="setUp()[pri:0, instance:com.crm.qa.testcases.ContactsPageTest@204f30ec]" name="setUp" is-config="true" duration-ms="10317" started-at="2019-03-02T14:34:31Z" finished-at="2019-03-02T14:34:42Z">
          <reporter-output>
          </reporter-output>
        </test-method> <!-- setUp -->
        <test-method status="PASS" signature="verifyCreateNewContacts(java.lang.String, java.lang.String, java.lang.String, java.lang.String)[pri:2, instance:com.crm.qa.testcases.ContactsPageTest@204f30ec]" name="verifyCreateNewContacts" duration-ms="3025" started-at="2019-03-02T14:34:42Z" data-provider="getTestData" finished-at="2019-03-02T14:34:45Z">
          <params>
            <param index="0">
              <value>
                <![CDATA[Mrs.]]>
              </value>
            </param>
            <param index="1">
              <value>
                <![CDATA[Mukta]]>
              </value>
            </param>
            <param index="2">
              <value>
                <![CDATA[Sharma]]>
              </value>
            </param>
            <param index="3">
              <value>
                <![CDATA[Ebay]]>
              </value>
            </param>
          </params>
          <reporter-output>
          </reporter-output>
        </test-method> <!-- verifyCreateNewContacts -->
        <test-method status="PASS" signature="tearDown()[pri:0, instance:com.crm.qa.testcases.ContactsPageTest@204f30ec]" name="tearDown" is-config="true" duration-ms="672" started-at="2019-03-02T14:34:45Z" finished-at="2019-03-02T14:34:45Z">
          <reporter-output>
          </reporter-output>
        </test-method> <!-- tearDown -->
        <test-method status="PASS" signature="setUp()[pri:0, instance:com.crm.qa.testcases.ContactsPageTest@204f30ec]" name="setUp" is-config="true" duration-ms="11025" started-at="2019-03-02T14:34:45Z" finished-at="2019-03-02T14:34:56Z">
          <reporter-output>
          </reporter-output>
        </test-method> <!-- setUp -->
        <test-method status="PASS" signature="verifyDeleteContactByNameTest1()[pri:3, instance:com.crm.qa.testcases.ContactsPageTest@204f30ec]" name="verifyDeleteContactByNameTest1" duration-ms="868" started-at="2019-03-02T14:34:56Z" finished-at="2019-03-02T14:34:57Z">
          <reporter-output>
          </reporter-output>
        </test-method> <!-- verifyDeleteContactByNameTest1 -->
        <test-method status="PASS" signature="tearDown()[pri:0, instance:com.crm.qa.testcases.ContactsPageTest@204f30ec]" name="tearDown" is-config="true" duration-ms="639" started-at="2019-03-02T14:34:57Z" finished-at="2019-03-02T14:34:58Z">
          <reporter-output>
          </reporter-output>
        </test-method> <!-- tearDown -->
        <test-method status="PASS" signature="setUp()[pri:0, instance:com.crm.qa.testcases.ContactsPageTest@204f30ec]" name="setUp" is-config="true" duration-ms="11005" started-at="2019-03-02T14:34:58Z" finished-at="2019-03-02T14:35:09Z">
          <reporter-output>
          </reporter-output>
        </test-method> <!-- setUp -->
        <test-method status="PASS" signature="verifyDeleteContactByNameTest2()[pri:4, instance:com.crm.qa.testcases.ContactsPageTest@204f30ec]" name="verifyDeleteContactByNameTest2" duration-ms="908" started-at="2019-03-02T14:35:09Z" finished-at="2019-03-02T14:35:10Z">
          <reporter-output>
          </reporter-output>
        </test-method> <!-- verifyDeleteContactByNameTest2 -->
        <test-method status="PASS" signature="tearDown()[pri:0, instance:com.crm.qa.testcases.ContactsPageTest@204f30ec]" name="tearDown" is-config="true" duration-ms="635" started-at="2019-03-02T14:35:10Z" finished-at="2019-03-02T14:35:10Z">
          <reporter-output>
          </reporter-output>
        </test-method> <!-- tearDown -->
      </class> <!-- com.crm.qa.testcases.ContactsPageTest -->
    </test> <!-- Default test -->
  </suite> <!-- Default suite -->
</testng-results>
