<?xml version="1.0" encoding="UTF-8"?>
<testsuite xmlns:xsi="http://www.w3.org/2001/XMLSchema-instance" xsi:schemaLocation="https://maven.apache.org/surefire/maven-surefire-plugin/xsd/surefire-test-report.xsd" name="TestSuite" time="306.575" tests="26" errors="0" skipped="6" failures="2">
  <properties>
[...]
</properties>
  <testcase name="verifyCreateNewDeals" classname="com.crm.qa.testcases.DealsPageTest" time="2.021"/>
  <testcase name="verifyCreateNewDeals" classname="com.crm.qa.testcases.DealsPageTest" time="2.091"/>
  <testcase name="verifyCreateNewDeals" classname="com.crm.qa.testcases.DealsPageTest" time="2.268"/>
  <testcase name="verifyCreateNewDeals" classname="com.crm.qa.testcases.DealsPageTest" time="2.104"/>
  <testcase name="loginToFreeCRM" classname="com.crm.qa.testcases.LoginPageDataDrivenTest" time="4.446"/>
  <testcase name="loginToFreeCRM" classname="com.crm.qa.testcases.LoginPageDataDrivenTest" time="4.245"/>
  <testcase name="division" classname="com.crm.qa.testcases.MathDemo" time="0">
    <skipped message="expected [2] but found [3]"/>
    <system-out><![CDATA[DIVISION
]]></system-out>
  </testcase>
  <testcase name="division" classname="com.crm.qa.testcases.MathDemo" time="0">
    <skipped message="expected [2] but found [3]"/>
    <system-out><![CDATA[DIVISION
]]></system-out>
  </testcase>
  <testcase name="division" classname="com.crm.qa.testcases.MathDemo" time="0">
    <skipped message="expected [2] but found [3]"/>
    <system-out><![CDATA[DIVISION
]]></system-out>
  </testcase>
  <testcase name="division" classname="com.crm.qa.testcases.MathDemo" time="0">
    <failure message="expected [2] but found [3]" type="java.lang.AssertionError">java.lang.AssertionError: expected [2] but found [3]
	at com.crm.qa.testcases.MathDemo.division(MathDemo.java:20)
</failure>
    <system-out><![CDATA[DIVISION
]]></system-out>
  </testcase>
  <testcase name="sum" classname="com.crm.qa.testcases.MathDemo" time="0"/>
  <testcase name="verifyLoginPageTitleTest" classname="com.crm.qa.testcases.LoginPageTest" time="0.005"/>
  <testcase name="verifyHomePageTitleTest" classname="com.crm.qa.testcases.HomePageTest" time="0.008"/>
  <testcase name="verifyContactsPageHeader" classname="com.crm.qa.testcases.ContactsPageTest" time="0.028"/>
  <testcase name="verifyDealsPageHeader" classname="com.crm.qa.testcases.DealsPageTest" time="0.02"/>
  <testcase name="loginTest" classname="com.crm.qa.testcases.LoginPageTest" time="4.404"/>
  <testcase name="verifyUsernameLabelTest" classname="com.crm.qa.testcases.HomePageTest" time="0.059"/>
  <testcase name="verifyCreateNewContacts" classname="com.crm.qa.testcases.ContactsPageTest" time="0.943"/>
  <testcase name="verifyCreateNewContacts" classname="com.crm.qa.testcases.ContactsPageTest" time="1.089"/>
  <testcase name="verifyCreateNewContacts" classname="com.crm.qa.testcases.ContactsPageTest" time="1.096"/>
  <testcase name="verifyContactsLinkTest" classname="com.crm.qa.testcases.HomePageTest" time="0.58"/>
  <testcase name="verifyDeleteContactByNameTest1" classname="com.crm.qa.testcases.ContactsPageTest" time="0">
    <skipped message="no such element: Unable to locate element: {&quot;method&quot;:&quot;link text&quot;,&quot;selector&quot;:&quot;David Cris&quot;}&#10;  (Session info: chrome=72.0.3626.119)&#10;  (Driver info: chromedriver=2.41.578737 (49da6702b16031c40d63e5618de03a32ff6c197e),platform=Windows NT 6.1.7601 SP1 x86_64) (WARNING: The server did not provide any stacktrace information)&#10;Command duration or timeout: 0 milliseconds&#10;For documentation on this error, please visit: http://seleniumhq.org/exceptions/no_such_element.html&#10;Build info: version: &apos;3.141.5&apos;, revision: &apos;d54ebd709a&apos;, time: &apos;2018-11-06T11:42:16&apos;&#10;System info: host: &apos;MAMGA-PC&apos;, ip: &apos;192.168.0.6&apos;, os.name: &apos;Windows 7&apos;, os.arch: &apos;amd64&apos;, os.version: &apos;6.1&apos;, java.version: &apos;1.8.0_181&apos;&#10;Driver info: org.openqa.selenium.chrome.ChromeDriver&#10;Capabilities {acceptInsecureCerts: false, acceptSslCerts: false, applicationCacheEnabled: false, browserConnectionEnabled: false, browserName: chrome, chrome: {chromedriverVersion: 2.41.578737 (49da6702b16031..., userDataDir: C:\Windows\TEMP\scoped_dir1...}, cssSelectorsEnabled: true, databaseEnabled: false, goog:chromeOptions: {debuggerAddress: localhost:54406}, handlesAlerts: true, hasTouchScreen: false, javascriptEnabled: true, locationContextEnabled: true, mobileEmulationEnabled: false, nativeEvents: true, networkConnectionEnabled: false, pageLoadStrategy: normal, platform: XP, platformName: XP, rotatable: false, setWindowRect: true, takesHeapSnapshot: true, takesScreenshot: true, unexpectedAlertBehaviour: , unhandledPromptBehavior: , version: 72.0.3626.119, webStorageEnabled: true}&#10;Session ID: 923cc05fec66537299502fcde89a1e21&#10;*** Element info: {Using=link text, value=David Cris}"/>
    <system-out><![CDATA[Before navigating to: 'https://classic.crmpro.com/'
Navigated to:'https://classic.crmpro.com/'
Trying to find Element By : By.cssSelector: .intercom-borderless-conversation-body
Found Element By : By.cssSelector: .intercom-borderless-conversation-body
Trying to find Element By : By.cssSelector: .intercom-borderless-conversation-body
Found Element By : By.cssSelector: .intercom-borderless-conversation-body
Exception occured: org.openqa.selenium.UnsupportedCommandException: actions
Build info: version: '3.141.5', revision: 'd54ebd709a', time: '2018-11-06T11:42:16'
System info: host: 'MAMGA-PC', ip: '192.168.0.6', os.name: 'Windows 7', os.arch: 'amd64', os.version: '6.1', java.version: '1.8.0_181'
Driver info: driver.version: EventFiringWebDriver
Trying to find Element By : By.cssSelector: .intercom-borderless-conversation-body
Found Element By : By.cssSelector: .intercom-borderless-conversation-body
Trying to find Element By : By.cssSelector: .intercom-borderless-dismiss-button span
Found Element By : By.cssSelector: .intercom-borderless-dismiss-button span
Trying to click on: [[ChromeDriver: chrome on XP (923cc05fec66537299502fcde89a1e21)] -> css selector: .intercom-borderless-dismiss-button span]
Clicked on: [[ChromeDriver: chrome on XP (923cc05fec66537299502fcde89a1e21)] -> css selector: .intercom-borderless-dismiss-button span]
Trying to find Element By : By.name: username
Found Element By : By.name: username
Trying to find Element By : By.name: username
Found Element By : By.name: username
Trying to find Element By : By.name: username
Found Element By : By.name: username
Trying to find Element By : By.name: password
Found Element By : By.name: password
Trying to find Element By : By.name: password
Found Element By : By.name: password
Trying to find Element By : By.name: password
Found Element By : By.name: password
Trying to find Element By : By.xpath: //input[@value='Login']
Found Element By : By.xpath: //input[@value='Login']
Trying to find Element By : By.xpath: //input[@value='Login']
Found Element By : By.xpath: //input[@value='Login']
Trying to find Element By : By.xpath: //input[@value='Login']
Found Element By : By.xpath: //input[@value='Login']
Trying to click on: [[ChromeDriver: chrome on XP (923cc05fec66537299502fcde89a1e21)] -> xpath: //input[@value='Login']]
Clicked on: [[ChromeDriver: chrome on XP (923cc05fec66537299502fcde89a1e21)] -> xpath: //input[@value='Login']]
Trying to find Element By : By.xpath: //a[contains(text(), 'Contacts')]
Found Element By : By.xpath: //a[contains(text(), 'Contacts')]
Trying to find Element By : By.xpath: //a[contains(text(), 'Contacts')]
Found Element By : By.xpath: //a[contains(text(), 'Contacts')]
Trying to find Element By : By.xpath: //a[contains(text(), 'Contacts')]
Found Element By : By.xpath: //a[contains(text(), 'Contacts')]
Trying to click on: [[ChromeDriver: chrome on XP (923cc05fec66537299502fcde89a1e21)] -> xpath: //a[contains(text(), 'Contacts')]]
Clicked on: [[ChromeDriver: chrome on XP (923cc05fec66537299502fcde89a1e21)] -> xpath: //a[contains(text(), 'Contacts')]]
Trying to find Element By : By.linkText: David Cris
Exception occured: org.openqa.selenium.NoSuchElementException: no such element: Unable to locate element: {"method":"link text","selector":"David Cris"}
  (Session info: chrome=72.0.3626.119)
  (Driver info: chromedriver=2.41.578737 (49da6702b16031c40d63e5618de03a32ff6c197e),platform=Windows NT 6.1.7601 SP1 x86_64) (WARNING: The server did not provide any stacktrace information)
Command duration or timeout: 0 milliseconds
For documentation on this error, please visit: http://seleniumhq.org/exceptions/no_such_element.html
Build info: version: '3.141.5', revision: 'd54ebd709a', time: '2018-11-06T11:42:16'
System info: host: 'MAMGA-PC', ip: '192.168.0.6', os.name: 'Windows 7', os.arch: 'amd64', os.version: '6.1', java.version: '1.8.0_181'
Driver info: org.openqa.selenium.chrome.ChromeDriver
Capabilities {acceptInsecureCerts: false, acceptSslCerts: false, applicationCacheEnabled: false, browserConnectionEnabled: false, browserName: chrome, chrome: {chromedriverVersion: 2.41.578737 (49da6702b16031..., userDataDir: C:\Windows\TEMP\scoped_dir1...}, cssSelectorsEnabled: true, databaseEnabled: false, goog:chromeOptions: {debuggerAddress: localhost:54406}, handlesAlerts: true, hasTouchScreen: false, javascriptEnabled: true, locationContextEnabled: true, mobileEmulationEnabled: false, nativeEvents: true, networkConnectionEnabled: false, pageLoadStrategy: normal, platform: XP, platformName: XP, rotatable: false, setWindowRect: true, takesHeapSnapshot: true, takesScreenshot: true, unexpectedAlertBehaviour: , unhandledPromptBehavior: , version: 72.0.3626.119, webStorageEnabled: true}
Session ID: 923cc05fec66537299502fcde89a1e21
*** Element info: {Using=link text, value=David Cris}
]]></system-out>
    <system-err><![CDATA[Starting ChromeDriver 2.41.578737 (49da6702b16031c40d63e5618de03a32ff6c197e) on port 33397
Only local connections are allowed.
]]></system-err>
  </testcase>
  <testcase name="verifyDeleteContactByNameTest1" classname="com.crm.qa.testcases.ContactsPageTest" time="0">
    <skipped message="no such element: Unable to locate element: {&quot;method&quot;:&quot;link text&quot;,&quot;selector&quot;:&quot;David Cris&quot;}&#10;  (Session info: chrome=72.0.3626.119)&#10;  (Driver info: chromedriver=2.41.578737 (49da6702b16031c40d63e5618de03a32ff6c197e),platform=Windows NT 6.1.7601 SP1 x86_64) (WARNING: The server did not provide any stacktrace information)&#10;Command duration or timeout: 0 milliseconds&#10;For documentation on this error, please visit: http://seleniumhq.org/exceptions/no_such_element.html&#10;Build info: version: &apos;3.141.5&apos;, revision: &apos;d54ebd709a&apos;, time: &apos;2018-11-06T11:42:16&apos;&#10;System info: host: &apos;MAMGA-PC&apos;, ip: &apos;192.168.0.6&apos;, os.name: &apos;Windows 7&apos;, os.arch: &apos;amd64&apos;, os.version: &apos;6.1&apos;, java.version: &apos;1.8.0_181&apos;&#10;Driver info: org.openqa.selenium.chrome.ChromeDriver&#10;Capabilities {acceptInsecureCerts: false, acceptSslCerts: false, applicationCacheEnabled: false, browserConnectionEnabled: false, browserName: chrome, chrome: {chromedriverVersion: 2.41.578737 (49da6702b16031..., userDataDir: C:\Windows\TEMP\scoped_dir4...}, cssSelectorsEnabled: true, databaseEnabled: false, goog:chromeOptions: {debuggerAddress: localhost:54450}, handlesAlerts: true, hasTouchScreen: false, javascriptEnabled: true, locationContextEnabled: true, mobileEmulationEnabled: false, nativeEvents: true, networkConnectionEnabled: false, pageLoadStrategy: normal, platform: XP, platformName: XP, rotatable: false, setWindowRect: true, takesHeapSnapshot: true, takesScreenshot: true, unexpectedAlertBehaviour: , unhandledPromptBehavior: , version: 72.0.3626.119, webStorageEnabled: true}&#10;Session ID: faedc88f155c24b459b65cfe9ab5b0cc&#10;*** Element info: {Using=link text, value=David Cris}"/>
    <system-out><![CDATA[Before navigating to: 'https://classic.crmpro.com/'
Navigated to:'https://classic.crmpro.com/'
Trying to find Element By : By.cssSelector: .intercom-borderless-conversation-body
Found Element By : By.cssSelector: .intercom-borderless-conversation-body
Trying to find Element By : By.cssSelector: .intercom-borderless-conversation-body
Found Element By : By.cssSelector: .intercom-borderless-conversation-body
Exception occured: org.openqa.selenium.UnsupportedCommandException: actions
Build info: version: '3.141.5', revision: 'd54ebd709a', time: '2018-11-06T11:42:16'
System info: host: 'MAMGA-PC', ip: '192.168.0.6', os.name: 'Windows 7', os.arch: 'amd64', os.version: '6.1', java.version: '1.8.0_181'
Driver info: driver.version: EventFiringWebDriver
Trying to find Element By : By.cssSelector: .intercom-borderless-conversation-body
Found Element By : By.cssSelector: .intercom-borderless-conversation-body
Trying to find Element By : By.cssSelector: .intercom-borderless-dismiss-button span
Found Element By : By.cssSelector: .intercom-borderless-dismiss-button span
Trying to click on: [[ChromeDriver: chrome on XP (faedc88f155c24b459b65cfe9ab5b0cc)] -> css selector: .intercom-borderless-dismiss-button span]
Clicked on: [[ChromeDriver: chrome on XP (faedc88f155c24b459b65cfe9ab5b0cc)] -> css selector: .intercom-borderless-dismiss-button span]
Trying to find Element By : By.name: username
Found Element By : By.name: username
Trying to find Element By : By.name: username
Found Element By : By.name: username
Trying to find Element By : By.name: username
Found Element By : By.name: username
Trying to find Element By : By.name: password
Found Element By : By.name: password
Trying to find Element By : By.name: password
Found Element By : By.name: password
Trying to find Element By : By.name: password
Found Element By : By.name: password
Trying to find Element By : By.xpath: //input[@value='Login']
Found Element By : By.xpath: //input[@value='Login']
Trying to find Element By : By.xpath: //input[@value='Login']
Found Element By : By.xpath: //input[@value='Login']
Trying to find Element By : By.xpath: //input[@value='Login']
Found Element By : By.xpath: //input[@value='Login']
Trying to click on: [[ChromeDriver: chrome on XP (faedc88f155c24b459b65cfe9ab5b0cc)] -> xpath: //input[@value='Login']]
Clicked on: [[ChromeDriver: chrome on XP (faedc88f155c24b459b65cfe9ab5b0cc)] -> xpath: //input[@value='Login']]
Trying to find Element By : By.xpath: //a[contains(text(), 'Contacts')]
Found Element By : By.xpath: //a[contains(text(), 'Contacts')]
Trying to find Element By : By.xpath: //a[contains(text(), 'Contacts')]
Found Element By : By.xpath: //a[contains(text(), 'Contacts')]
Trying to find Element By : By.xpath: //a[contains(text(), 'Contacts')]
Found Element By : By.xpath: //a[contains(text(), 'Contacts')]
Trying to click on: [[ChromeDriver: chrome on XP (faedc88f155c24b459b65cfe9ab5b0cc)] -> xpath: //a[contains(text(), 'Contacts')]]
Clicked on: [[ChromeDriver: chrome on XP (faedc88f155c24b459b65cfe9ab5b0cc)] -> xpath: //a[contains(text(), 'Contacts')]]
Trying to find Element By : By.linkText: David Cris
Exception occured: org.openqa.selenium.NoSuchElementException: no such element: Unable to locate element: {"method":"link text","selector":"David Cris"}
  (Session info: chrome=72.0.3626.119)
  (Driver info: chromedriver=2.41.578737 (49da6702b16031c40d63e5618de03a32ff6c197e),platform=Windows NT 6.1.7601 SP1 x86_64) (WARNING: The server did not provide any stacktrace information)
Command duration or timeout: 0 milliseconds
For documentation on this error, please visit: http://seleniumhq.org/exceptions/no_such_element.html
Build info: version: '3.141.5', revision: 'd54ebd709a', time: '2018-11-06T11:42:16'
System info: host: 'MAMGA-PC', ip: '192.168.0.6', os.name: 'Windows 7', os.arch: 'amd64', os.version: '6.1', java.version: '1.8.0_181'
Driver info: org.openqa.selenium.chrome.ChromeDriver
Capabilities {acceptInsecureCerts: false, acceptSslCerts: false, applicationCacheEnabled: false, browserConnectionEnabled: false, browserName: chrome, chrome: {chromedriverVersion: 2.41.578737 (49da6702b16031..., userDataDir: C:\Windows\TEMP\scoped_dir4...}, cssSelectorsEnabled: true, databaseEnabled: false, goog:chromeOptions: {debuggerAddress: localhost:54450}, handlesAlerts: true, hasTouchScreen: false, javascriptEnabled: true, locationContextEnabled: true, mobileEmulationEnabled: false, nativeEvents: true, networkConnectionEnabled: false, pageLoadStrategy: normal, platform: XP, platformName: XP, rotatable: false, setWindowRect: true, takesHeapSnapshot: true, takesScreenshot: true, unexpectedAlertBehaviour: , unhandledPromptBehavior: , version: 72.0.3626.119, webStorageEnabled: true}
Session ID: faedc88f155c24b459b65cfe9ab5b0cc
*** Element info: {Using=link text, value=David Cris}
]]></system-out>
    <system-err><![CDATA[Starting ChromeDriver 2.41.578737 (49da6702b16031c40d63e5618de03a32ff6c197e) on port 33775
Only local connections are allowed.
]]></system-err>
  </testcase>
  <testcase name="verifyDeleteContactByNameTest1" classname="com.crm.qa.testcases.ContactsPageTest" time="0">
    <skipped message="no such element: Unable to locate element: {&quot;method&quot;:&quot;link text&quot;,&quot;selector&quot;:&quot;David Cris&quot;}&#10;  (Session info: chrome=72.0.3626.119)&#10;  (Driver info: chromedriver=2.41.578737 (49da6702b16031c40d63e5618de03a32ff6c197e),platform=Windows NT 6.1.7601 SP1 x86_64) (WARNING: The server did not provide any stacktrace information)&#10;Command duration or timeout: 0 milliseconds&#10;For documentation on this error, please visit: http://seleniumhq.org/exceptions/no_such_element.html&#10;Build info: version: &apos;3.141.5&apos;, revision: &apos;d54ebd709a&apos;, time: &apos;2018-11-06T11:42:16&apos;&#10;System info: host: &apos;MAMGA-PC&apos;, ip: &apos;192.168.0.6&apos;, os.name: &apos;Windows 7&apos;, os.arch: &apos;amd64&apos;, os.version: &apos;6.1&apos;, java.version: &apos;1.8.0_181&apos;&#10;Driver info: org.openqa.selenium.chrome.ChromeDriver&#10;Capabilities {acceptInsecureCerts: false, acceptSslCerts: false, applicationCacheEnabled: false, browserConnectionEnabled: false, browserName: chrome, chrome: {chromedriverVersion: 2.41.578737 (49da6702b16031..., userDataDir: C:\Windows\TEMP\scoped_dir6...}, cssSelectorsEnabled: true, databaseEnabled: false, goog:chromeOptions: {debuggerAddress: localhost:54508}, handlesAlerts: true, hasTouchScreen: false, javascriptEnabled: true, locationContextEnabled: true, mobileEmulationEnabled: false, nativeEvents: true, networkConnectionEnabled: false, pageLoadStrategy: normal, platform: XP, platformName: XP, rotatable: false, setWindowRect: true, takesHeapSnapshot: true, takesScreenshot: true, unexpectedAlertBehaviour: , unhandledPromptBehavior: , version: 72.0.3626.119, webStorageEnabled: true}&#10;Session ID: 88637c003331949f4416974300fe45ff&#10;*** Element info: {Using=link text, value=David Cris}"/>
    <system-out><![CDATA[Before navigating to: 'https://classic.crmpro.com/'
Navigated to:'https://classic.crmpro.com/'
Trying to find Element By : By.cssSelector: .intercom-borderless-conversation-body
Found Element By : By.cssSelector: .intercom-borderless-conversation-body
Trying to find Element By : By.cssSelector: .intercom-borderless-conversation-body
Found Element By : By.cssSelector: .intercom-borderless-conversation-body
Exception occured: org.openqa.selenium.UnsupportedCommandException: actions
Build info: version: '3.141.5', revision: 'd54ebd709a', time: '2018-11-06T11:42:16'
System info: host: 'MAMGA-PC', ip: '192.168.0.6', os.name: 'Windows 7', os.arch: 'amd64', os.version: '6.1', java.version: '1.8.0_181'
Driver info: driver.version: EventFiringWebDriver
Trying to find Element By : By.cssSelector: .intercom-borderless-conversation-body
Found Element By : By.cssSelector: .intercom-borderless-conversation-body
Trying to find Element By : By.cssSelector: .intercom-borderless-dismiss-button span
Found Element By : By.cssSelector: .intercom-borderless-dismiss-button span
Trying to click on: [[ChromeDriver: chrome on XP (88637c003331949f4416974300fe45ff)] -> css selector: .intercom-borderless-dismiss-button span]
Clicked on: [[ChromeDriver: chrome on XP (88637c003331949f4416974300fe45ff)] -> css selector: .intercom-borderless-dismiss-button span]
Trying to find Element By : By.name: username
Found Element By : By.name: username
Trying to find Element By : By.name: username
Found Element By : By.name: username
Trying to find Element By : By.name: username
Found Element By : By.name: username
Trying to find Element By : By.name: password
Found Element By : By.name: password
Trying to find Element By : By.name: password
Found Element By : By.name: password
Trying to find Element By : By.name: password
Found Element By : By.name: password
Trying to find Element By : By.xpath: //input[@value='Login']
Found Element By : By.xpath: //input[@value='Login']
Trying to find Element By : By.xpath: //input[@value='Login']
Found Element By : By.xpath: //input[@value='Login']
Trying to find Element By : By.xpath: //input[@value='Login']
Found Element By : By.xpath: //input[@value='Login']
Trying to click on: [[ChromeDriver: chrome on XP (88637c003331949f4416974300fe45ff)] -> xpath: //input[@value='Login']]
Clicked on: [[ChromeDriver: chrome on XP (88637c003331949f4416974300fe45ff)] -> xpath: //input[@value='Login']]
Trying to find Element By : By.xpath: //a[contains(text(), 'Contacts')]
Found Element By : By.xpath: //a[contains(text(), 'Contacts')]
Trying to find Element By : By.xpath: //a[contains(text(), 'Contacts')]
Found Element By : By.xpath: //a[contains(text(), 'Contacts')]
Trying to find Element By : By.xpath: //a[contains(text(), 'Contacts')]
Found Element By : By.xpath: //a[contains(text(), 'Contacts')]
Trying to click on: [[ChromeDriver: chrome on XP (88637c003331949f4416974300fe45ff)] -> xpath: //a[contains(text(), 'Contacts')]]
Clicked on: [[ChromeDriver: chrome on XP (88637c003331949f4416974300fe45ff)] -> xpath: //a[contains(text(), 'Contacts')]]
Trying to find Element By : By.linkText: David Cris
Exception occured: org.openqa.selenium.NoSuchElementException: no such element: Unable to locate element: {"method":"link text","selector":"David Cris"}
  (Session info: chrome=72.0.3626.119)
  (Driver info: chromedriver=2.41.578737 (49da6702b16031c40d63e5618de03a32ff6c197e),platform=Windows NT 6.1.7601 SP1 x86_64) (WARNING: The server did not provide any stacktrace information)
Command duration or timeout: 0 milliseconds
For documentation on this error, please visit: http://seleniumhq.org/exceptions/no_such_element.html
Build info: version: '3.141.5', revision: 'd54ebd709a', time: '2018-11-06T11:42:16'
System info: host: 'MAMGA-PC', ip: '192.168.0.6', os.name: 'Windows 7', os.arch: 'amd64', os.version: '6.1', java.version: '1.8.0_181'
Driver info: org.openqa.selenium.chrome.ChromeDriver
Capabilities {acceptInsecureCerts: false, acceptSslCerts: false, applicationCacheEnabled: false, browserConnectionEnabled: false, browserName: chrome, chrome: {chromedriverVersion: 2.41.578737 (49da6702b16031..., userDataDir: C:\Windows\TEMP\scoped_dir6...}, cssSelectorsEnabled: true, databaseEnabled: false, goog:chromeOptions: {debuggerAddress: localhost:54508}, handlesAlerts: true, hasTouchScreen: false, javascriptEnabled: true, locationContextEnabled: true, mobileEmulationEnabled: false, nativeEvents: true, networkConnectionEnabled: false, pageLoadStrategy: normal, platform: XP, platformName: XP, rotatable: false, setWindowRect: true, takesHeapSnapshot: true, takesScreenshot: true, unexpectedAlertBehaviour: , unhandledPromptBehavior: , version: 72.0.3626.119, webStorageEnabled: true}
Session ID: 88637c003331949f4416974300fe45ff
*** Element info: {Using=link text, value=David Cris}
]]></system-out>
    <system-err><![CDATA[Starting ChromeDriver 2.41.578737 (49da6702b16031c40d63e5618de03a32ff6c197e) on port 22064
Only local connections are allowed.
]]></system-err>
  </testcase>
  <testcase name="verifyDeleteContactByNameTest1" classname="com.crm.qa.testcases.ContactsPageTest" time="20.364">
    <failure message="no such element: Unable to locate element: {&quot;method&quot;:&quot;link text&quot;,&quot;selector&quot;:&quot;David Cris&quot;}&#10;  (Session info: chrome=72.0.3626.119)&#10;  (Driver info: chromedriver=2.41.578737 (49da6702b16031c40d63e5618de03a32ff6c197e),platform=Windows NT 6.1.7601 SP1 x86_64) (WARNING: The server did not provide any stacktrace information)&#10;Command duration or timeout: 0 milliseconds&#10;For documentation on this error, please visit: http://seleniumhq.org/exceptions/no_such_element.html&#10;Build info: version: &apos;3.141.5&apos;, revision: &apos;d54ebd709a&apos;, time: &apos;2018-11-06T11:42:16&apos;&#10;System info: host: &apos;MAMGA-PC&apos;, ip: &apos;192.168.0.6&apos;, os.name: &apos;Windows 7&apos;, os.arch: &apos;amd64&apos;, os.version: &apos;6.1&apos;, java.version: &apos;1.8.0_181&apos;&#10;Driver info: org.openqa.selenium.chrome.ChromeDriver&#10;Capabilities {acceptInsecureCerts: false, acceptSslCerts: false, applicationCacheEnabled: false, browserConnectionEnabled: false, browserName: chrome, chrome: {chromedriverVersion: 2.41.578737 (49da6702b16031..., userDataDir: C:\Windows\TEMP\scoped_dir5...}, cssSelectorsEnabled: true, databaseEnabled: false, goog:chromeOptions: {debuggerAddress: localhost:54557}, handlesAlerts: true, hasTouchScreen: false, javascriptEnabled: true, locationContextEnabled: true, mobileEmulationEnabled: false, nativeEvents: true, networkConnectionEnabled: false, pageLoadStrategy: normal, platform: XP, platformName: XP, rotatable: false, setWindowRect: true, takesHeapSnapshot: true, takesScreenshot: true, unexpectedAlertBehaviour: , unhandledPromptBehavior: , version: 72.0.3626.119, webStorageEnabled: true}&#10;Session ID: 5be0acda702f21e80193d00476b26b0e&#10;*** Element info: {Using=link text, value=David Cris}" type="org.openqa.selenium.NoSuchElementException">org.openqa.selenium.NoSuchElementException: 
no such element: Unable to locate element: {"method":"link text","selector":"David Cris"}
  (Session info: chrome=72.0.3626.119)
  (Driver info: chromedriver=2.41.578737 (49da6702b16031c40d63e5618de03a32ff6c197e),platform=Windows NT 6.1.7601 SP1 x86_64) (WARNING: The server did not provide any stacktrace information)
Command duration or timeout: 0 milliseconds
For documentation on this error, please visit: http://seleniumhq.org/exceptions/no_such_element.html
Build info: version: '3.141.5', revision: 'd54ebd709a', time: '2018-11-06T11:42:16'
System info: host: 'MAMGA-PC', ip: '192.168.0.6', os.name: 'Windows 7', os.arch: 'amd64', os.version: '6.1', java.version: '1.8.0_181'
Driver info: org.openqa.selenium.chrome.ChromeDriver
Capabilities {acceptInsecureCerts: false, acceptSslCerts: false, applicationCacheEnabled: false, browserConnectionEnabled: false, browserName: chrome, chrome: {chromedriverVersion: 2.41.578737 (49da6702b16031..., userDataDir: C:\Windows\TEMP\scoped_dir5...}, cssSelectorsEnabled: true, databaseEnabled: false, goog:chromeOptions: {debuggerAddress: localhost:54557}, handlesAlerts: true, hasTouchScreen: false, javascriptEnabled: true, locationContextEnabled: true, mobileEmulationEnabled: false, nativeEvents: true, networkConnectionEnabled: false, pageLoadStrategy: normal, platform: XP, platformName: XP, rotatable: false, setWindowRect: true, takesHeapSnapshot: true, takesScreenshot: true, unexpectedAlertBehaviour: , unhandledPromptBehavior: , version: 72.0.3626.119, webStorageEnabled: true}
Session ID: 5be0acda702f21e80193d00476b26b0e
*** Element info: {Using=link text, value=David Cris}
	at com.crm.qa.testcases.ContactsPageTest.verifyDeleteContactByNameTest1(ContactsPageTest.java:71)
</failure>
    <system-out><![CDATA[Before navigating to: 'https://classic.crmpro.com/'
Navigated to:'https://classic.crmpro.com/'
Trying to find Element By : By.cssSelector: .intercom-borderless-conversation-body
Found Element By : By.cssSelector: .intercom-borderless-conversation-body
Trying to find Element By : By.cssSelector: .intercom-borderless-conversation-body
Found Element By : By.cssSelector: .intercom-borderless-conversation-body
Exception occured: org.openqa.selenium.UnsupportedCommandException: actions
Build info: version: '3.141.5', revision: 'd54ebd709a', time: '2018-11-06T11:42:16'
System info: host: 'MAMGA-PC', ip: '192.168.0.6', os.name: 'Windows 7', os.arch: 'amd64', os.version: '6.1', java.version: '1.8.0_181'
Driver info: driver.version: EventFiringWebDriver
Trying to find Element By : By.cssSelector: .intercom-borderless-conversation-body
Found Element By : By.cssSelector: .intercom-borderless-conversation-body
Trying to find Element By : By.cssSelector: .intercom-borderless-dismiss-button span
Found Element By : By.cssSelector: .intercom-borderless-dismiss-button span
Trying to click on: [[ChromeDriver: chrome on XP (5be0acda702f21e80193d00476b26b0e)] -> css selector: .intercom-borderless-dismiss-button span]
Clicked on: [[ChromeDriver: chrome on XP (5be0acda702f21e80193d00476b26b0e)] -> css selector: .intercom-borderless-dismiss-button span]
Trying to find Element By : By.name: username
Found Element By : By.name: username
Trying to find Element By : By.name: username
Found Element By : By.name: username
Trying to find Element By : By.name: username
Found Element By : By.name: username
Trying to find Element By : By.name: password
Found Element By : By.name: password
Trying to find Element By : By.name: password
Found Element By : By.name: password
Trying to find Element By : By.name: password
Found Element By : By.name: password
Trying to find Element By : By.xpath: //input[@value='Login']
Found Element By : By.xpath: //input[@value='Login']
Trying to find Element By : By.xpath: //input[@value='Login']
Found Element By : By.xpath: //input[@value='Login']
Trying to find Element By : By.xpath: //input[@value='Login']
Found Element By : By.xpath: //input[@value='Login']
Trying to click on: [[ChromeDriver: chrome on XP (5be0acda702f21e80193d00476b26b0e)] -> xpath: //input[@value='Login']]
Clicked on: [[ChromeDriver: chrome on XP (5be0acda702f21e80193d00476b26b0e)] -> xpath: //input[@value='Login']]
Trying to find Element By : By.xpath: //a[contains(text(), 'Contacts')]
Found Element By : By.xpath: //a[contains(text(), 'Contacts')]
Trying to find Element By : By.xpath: //a[contains(text(), 'Contacts')]
Found Element By : By.xpath: //a[contains(text(), 'Contacts')]
Trying to find Element By : By.xpath: //a[contains(text(), 'Contacts')]
Found Element By : By.xpath: //a[contains(text(), 'Contacts')]
Trying to click on: [[ChromeDriver: chrome on XP (5be0acda702f21e80193d00476b26b0e)] -> xpath: //a[contains(text(), 'Contacts')]]
Clicked on: [[ChromeDriver: chrome on XP (5be0acda702f21e80193d00476b26b0e)] -> xpath: //a[contains(text(), 'Contacts')]]
Trying to find Element By : By.linkText: David Cris
Exception occured: org.openqa.selenium.NoSuchElementException: no such element: Unable to locate element: {"method":"link text","selector":"David Cris"}
  (Session info: chrome=72.0.3626.119)
  (Driver info: chromedriver=2.41.578737 (49da6702b16031c40d63e5618de03a32ff6c197e),platform=Windows NT 6.1.7601 SP1 x86_64) (WARNING: The server did not provide any stacktrace information)
Command duration or timeout: 0 milliseconds
For documentation on this error, please visit: http://seleniumhq.org/exceptions/no_such_element.html
Build info: version: '3.141.5', revision: 'd54ebd709a', time: '2018-11-06T11:42:16'
System info: host: 'MAMGA-PC', ip: '192.168.0.6', os.name: 'Windows 7', os.arch: 'amd64', os.version: '6.1', java.version: '1.8.0_181'
Driver info: org.openqa.selenium.chrome.ChromeDriver
Capabilities {acceptInsecureCerts: false, acceptSslCerts: false, applicationCacheEnabled: false, browserConnectionEnabled: false, browserName: chrome, chrome: {chromedriverVersion: 2.41.578737 (49da6702b16031..., userDataDir: C:\Windows\TEMP\scoped_dir5...}, cssSelectorsEnabled: true, databaseEnabled: false, goog:chromeOptions: {debuggerAddress: localhost:54557}, handlesAlerts: true, hasTouchScreen: false, javascriptEnabled: true, locationContextEnabled: true, mobileEmulationEnabled: false, nativeEvents: true, networkConnectionEnabled: false, pageLoadStrategy: normal, platform: XP, platformName: XP, rotatable: false, setWindowRect: true, takesHeapSnapshot: true, takesScreenshot: true, unexpectedAlertBehaviour: , unhandledPromptBehavior: , version: 72.0.3626.119, webStorageEnabled: true}
Session ID: 5be0acda702f21e80193d00476b26b0e
*** Element info: {Using=link text, value=David Cris}
]]></system-out>
    <system-err><![CDATA[Starting ChromeDriver 2.41.578737 (49da6702b16031c40d63e5618de03a32ff6c197e) on port 17481
Only local connections are allowed.
]]></system-err>
  </testcase>
  <testcase name="verifyDealsLinkTest" classname="com.crm.qa.testcases.HomePageTest" time="0.64"/>
</testsuite>